<?xml version="1.0" encoding="UTF-8"?>
<testng-results skipped="0" failed="0" ignored="0" total="1" passed="1">
  <reporter-output>
  </reporter-output>
  <suite name="Default suite" duration-ms="437415" started-at="2020-12-04T15:57:43Z" finished-at="2020-12-04T16:05:00Z">
    <groups>
    </groups>
    <test name="Default test" duration-ms="437415" started-at="2020-12-04T15:57:43Z" finished-at="2020-12-04T16:05:00Z">
      <class name="SearchTestDemo2">
        <test-method status="PASS" signature="setUp()[pri:0, instance:SearchTestDemo2@193948d]" name="setUp" is-config="true" duration-ms="198972" started-at="2020-12-04T15:57:43Z" finished-at="2020-12-04T16:01:02Z">
          <reporter-output>
          </reporter-output>
        </test-method> <!-- setUp -->
        <test-method status="PASS" signature="AddToCart()[pri:0, instance:SearchTestDemo2@193948d]" name="AddToCart" duration-ms="238259" started-at="2020-12-04T16:01:02Z" finished-at="2020-12-04T16:05:00Z">
          <reporter-output>
          </reporter-output>
        </test-method> <!-- AddToCart -->
      </class> <!-- SearchTestDemo2 -->
    </test> <!-- Default test -->
  </suite> <!-- Default suite -->
</testng-results>
